<?xml version="1.0" encoding="UTF-8"?>
<!-- Generated by org.testng.reporters.JUnitXMLReporter -->
<testsuite ignored="0" hostname="LAPTOP-B81G2UPP" failures="0" tests="6" name="Test" time="0.072" errors="0" timestamp="2021-10-08T08:24:53 IST">
  <testcase classname="training.selenium.selenium.Day3.TestNG_1" name="testMethod2" time="0.015"/>
  <testcase classname="training.selenium.selenium.Day3.TestNG_1" name="testMethod1" time="0.001"/>
  <testcase classname="training.selenium.selenium.Day3.TestNG_1" name="testMethod3" time="0.001"/>
  <testcase classname="training.selenium.selenium.Day3.TestNG_DataProvider" name="testMethod2" time="0.001"/>
  <testcase classname="training.selenium.selenium.Day3.TestNG_DataProvider" name="testMethod2" time="0.001"/>
  <testcase classname="training.selenium.selenium.Day3.TestNG_DataProvider" name="testMethod3" time="0.002"/>
</testsuite> <!-- Test -->
