<?xml version="1.0" encoding="UTF-8"?>
<!-- Generated by org.testng.reporters.JUnitXMLReporter -->
<testsuite ignored="0" hostname="LAPTOP-B81G2UPP" failures="0" tests="3" name="TestingDemo" time="0.065" errors="0" timestamp="2021-10-08T08:52:42 IST">
  <testcase classname="training.selenium.selenium.Day3.TestNG_1" name="testMethod2" time="0.008"/>
  <testcase classname="training.selenium.selenium.Day3.TestNG_1" name="testMethod3" time="0.001"/>
  <testcase classname="training.selenium.selenium.Day3.TestNG_1" name="testMethod1" time="0.009"/>
</testsuite> <!-- TestingDemo -->
